<?xml version="1.0" encoding="UTF-8"?>
<!-- Generated by org.testng.reporters.JUnitXMLReporter -->
<testsuite ignored="0" hostname="EC2AMAZ-SUSA003" failures="0" tests="3" name="BasicPageValidation" time="30.722" errors="0" timestamp="2025-10-30T17:46:50 UTC">
  <testcase classname="com.framework.tests.UI.HomePageTest" name="HomePageBannerTextValidation" time="0.561"/>
  <testcase classname="com.framework.tests.UI.ServiceTest" name="ServicePageValidation" time="1.049"/>
  <testcase classname="com.framework.tests.UI.ContactusTest" name="FormSubmission" time="17.454"/>
</testsuite> <!-- BasicPageValidation -->
