<?xml version="1.0" encoding="UTF-8"?>
<!-- Generated by org.testng.reporters.JUnitXMLReporter -->
<testsuite ignored="0" hostname="Prem" failures="0" tests="6" name="BasicValidation" time="24.157" errors="0" timestamp="2025-11-12T18:40:32 IST">
  <testcase classname="com.framework.tests.API.ApiTest" name="CreatePostUser" time="2.334"/>
  <testcase classname="com.framework.tests.API.ApiTest" name="GetUsers" time="1.626"/>
  <testcase classname="com.framework.tests.API.ApiTest" name="Users" time="0.007">
    <skipped/>
  </testcase> <!-- Users -->
  <testcase classname="com.framework.tests.UI.HomePageTest" name="HomePageBannerTextValidation" time="0.054"/>
  <testcase classname="com.framework.tests.UI.ServiceTest" name="ServicePageValidation" time="0.574"/>
  <testcase classname="com.framework.tests.UI.ContactusTest" name="FormSubmission" time="10.755"/>
</testsuite> <!-- BasicValidation -->
