<?xml version="1.0" encoding="UTF-8"?>
<!-- Generated by org.testng.reporters.JUnitReportReporter -->
<testsuite hostname="Prem" failures="0" tests="3" name="com.framework.tests.API.ApiTest" time="3.969" errors="0" timestamp="2025-11-12T18:40:32 IST" skipped="1">
  <testcase classname="com.framework.tests.API.ApiTest" name="Users" time="0.007">
    <skipped/>
  </testcase> <!-- Users -->
  <testcase classname="com.framework.tests.API.ApiTest" name="CreatePostUser" time="2.335"/>
  <testcase classname="com.framework.tests.API.ApiTest" name="GetUsers" time="1.627"/>
</testsuite> <!-- com.framework.tests.API.ApiTest -->
