<?xml version="1.0" encoding="UTF-8"?>
<!-- Generated by org.testng.reporters.JUnitReportReporter -->
<testsuite hostname="Prem" failures="0" tests="3" name="com.framework.tests.API.AllureExtendReport" time="2.392" errors="0" timestamp="2025-11-12T18:39:11 IST" skipped="1">
  <testcase classname="com.framework.tests.API.AllureExtendReport" name="GetUsers" time="0.589"/>
  <testcase classname="com.framework.tests.API.AllureExtendReport" name="Users" time="0.008">
    <skipped/>
  </testcase> <!-- Users -->
  <testcase classname="com.framework.tests.API.AllureExtendReport" name="CreatePostUser" time="1.795"/>
</testsuite> <!-- com.framework.tests.API.AllureExtendReport -->
