<?xml version="1.0" encoding="UTF-8"?>
<!-- Generated by org.testng.reporters.JUnitReportReporter -->
<testsuite hostname="EC2AMAZ-SUSA003" failures="0" tests="3" name="com.framework.tests.API.POMAllureReport" time="3.827" errors="0" timestamp="2025-11-03T14:29:26 UTC" skipped="1">
  <testcase classname="com.framework.tests.API.POMAllureReport" name="CreatePostUser" time="3.617"/>
  <testcase classname="com.framework.tests.API.POMAllureReport" name="GetUsers" time="0.193"/>
  <testcase classname="com.framework.tests.API.POMAllureReport" name="Users" time="0.017">
    <skipped/>
  </testcase> <!-- Users -->
</testsuite> <!-- com.framework.tests.API.POMAllureReport -->
