<?xml version="1.0" encoding="UTF-8"?>
<!-- Generated by org.testng.reporters.JUnitXMLReporter -->
<testsuite ignored="0" hostname="Prem" failures="0" tests="3" name="API Validation" time="4.192" errors="0" timestamp="2025-11-12T18:39:39 IST">
  <testcase classname="com.framework.tests.API.ApiTest" name="CreatePostUser" time="2.168"/>
  <testcase classname="com.framework.tests.API.ApiTest" name="GetUsers" time="1.479"/>
  <testcase classname="com.framework.tests.API.ApiTest" name="Users" time="0.009">
    <skipped/>
  </testcase> <!-- Users -->
</testsuite> <!-- API Validation -->
